
> ssr-cli@0.1.0 dev:client /Users/yuanxin/Desktop/vue-cli架构/ssr-cli
> cross-env VUE_APP_ENV=client NODE_ENV=development vue-cli-service serve

♥
 INFO  Starting development server...
<s> [webpack.Progress] 0% compiling
<s> [webpack.Progress] 10% building 0/0 modules 0 active 
<s> [webpack.Progress] 10% building 0/1 modules 1 active multi /Users/yuanxin/Desktop/vue-cli架构/ssr-cli/node_modules/webpack-dev-server/client/index.js?http://172.24.3.35:8889&sockPath=/sockjs-node /Users/yuanxin/Desktop/vue-cli架构/ssr-cli/node_modules/@vue/cli-service/node_modules/webpack/hot/dev-server.js ./src/client-entry.js
<s> [webpack.Progress] 10% building 1/1 modules 0 active 
<s> [webpack.Progress] 10% building 1/1 modules 0 active 
<s> [webpack.Progress] 10% building 1/2 modules 1 active multi /Users/yuanxin/Desktop/vue-cli架构/ssr-cli/node_modules/webpack/hot/dev-server.js /Users/yuanxin/Desktop/vue-cli架构/ssr-cli/node_modules/webpack-dev-server/client/index.js?http://172.24.3.35:8889&sockPath=/sockjs-node /Users/yuanxin/Desktop/vue-cli架构/ssr-cli/node_modules/@vue/cli-service/node_modules/webpack/hot/dev-server.js ./src/client-entry.js
<s> [webpack.Progress] 10% building 2/2 modules 0 active 
(node:6375) DeprecationWarning: Tapable.plugin is deprecated. Use new API on `.hooks` instead
<s> [webpack.Progress] 10% building 2/3 modules 1 active /Users/yuanxin/Desktop/vue-cli架构/ssr-cli/node_modules/webpack-dev-server/client/index.js?http://172.24.3.35:8889&sockPath=/sockjs-node
<s> [webpack.Progress] 10% building 2/4 modules 2 active /Users/yuanxin/Desktop/vue-cli架构/ssr-cli/node_modules/webpack/hot/dev-server.js
<s> [webpack.Progress] 10% building 2/5 modules 3 active /Users/yuanxin/Desktop/vue-cli架构/ssr-cli/node_modules/cache-loader/dist/cjs.js??ref--13-0!/Users/yuanxin/Desktop/vue-cli架构/ssr-cli/node_modules/babel-loader/lib/index.js!/Users/yuanxin/Desktop/vue-cli架构/ssr-cli/node_modules/eslint-loader/index.js??ref--14-0!/Users/yuanxin/Desktop/vue-cli架构/ssr-cli/src/client-entry.js
<s> [webpack.Progress] 10% building 2/6 modules 4 active /Users/yuanxin/Desktop/vue-cli架构/ssr-cli/node_modules/@vue/cli-service/node_modules/webpack/hot/dev-server.js
<s> [webpack.Progress] 10% building 3/6 modules 3 active /Users/yuanxin/Desktop/vue-cli架构/ssr-cli/node_modules/@vue/cli-service/node_modules/webpack/hot/dev-server.js
<s> [webpack.Progress] 10% building 4/6 modules 2 active /Users/yuanxin/Desktop/vue-cli架构/ssr-cli/node_modules/@vue/cli-service/node_modules/webpack/hot/dev-server.js
<s> [webpack.Progress] 10% building 5/6 modules 1 active /Users/yuanxin/Desktop/vue-cli架构/ssr-cli/node_modules/cache-loader/dist/cjs.js??ref--13-0!/Users/yuanxin/Desktop/vue-cli架构/ssr-cli/node_modules/babel-loader/lib/index.js!/Users/yuanxin/Desktop/vue-cli架构/ssr-cli/node_modules/eslint-loader/index.js??ref--14-0!/Users/yuanxin/Desktop/vue-cli架构/ssr-cli/src/client-entry.js
<s> [webpack.Progress] 10% building 6/6 modules 0 active 
<s> [webpack.Progress] 10% building 6/7 modules 1 active /Users/yuanxin/Desktop/vue-cli架构/ssr-cli/node_modules/webpack/hot sync nonrecursive /^\.\/log$/
<s> [webpack.Progress] 10% building 7/7 modules 0 active 
<s> [webpack.Progress] 10% building 7/8 modules 1 active /Users/yuanxin/Desktop/vue-cli架构/ssr-cli/node_modules/webpack/hot/log-apply-result.js
<s> [webpack.Progress] 10% building 7/9 modules 2 active /Users/yuanxin/Desktop/vue-cli架构/ssr-cli/node_modules/webpack/hot/log.js
<s> [webpack.Progress] 10% building 7/10 modules 3 active /Users/yuanxin/Desktop/vue-cli架构/ssr-cli/node_modules/webpack/hot/emitter.js
<s> [webpack.Progress] 10% building 7/11 modules 4 active /Users/yuanxin/Desktop/vue-cli架构/ssr-cli/node_modules/webpack-dev-server/client/socket.js
<s> [webpack.Progress] 10% building 7/12 modules 5 active /Users/yuanxin/Desktop/vue-cli架构/ssr-cli/node_modules/webpack-dev-server/client/overlay.js
<s> [webpack.Progress] 10% building 7/13 modules 6 active /Users/yuanxin/Desktop/vue-cli架构/ssr-cli/node_modules/@vue/cli-service/node_modules/webpack/hot/log-apply-result.js
<s> [webpack.Progress] 10% building 7/14 modules 7 active /Users/yuanxin/Desktop/vue-cli架构/ssr-cli/node_modules/@vue/cli-service/node_modules/webpack/hot/log.js
<s> [webpack.Progress] 10% building 7/15 modules 8 active /Users/yuanxin/Desktop/vue-cli架构/ssr-cli/node_modules/@vue/cli-service/node_modules/webpack/hot/emitter.js
<s> [webpack.Progress] 10% building 7/16 modules 9 active /Users/yuanxin/Desktop/vue-cli架构/ssr-cli/node_modules/cache-loader/dist/cjs.js??ref--13-0!/Users/yuanxin/Desktop/vue-cli架构/ssr-cli/node_modules/babel-loader/lib/index.js!/Users/yuanxin/Desktop/vue-cli架构/ssr-cli/node_modules/eslint-loader/index.js??ref--14-0!/Users/yuanxin/Desktop/vue-cli架构/ssr-cli/src/main.js
<s> [webpack.Progress] 10% building 7/17 modules 10 active /Users/yuanxin/Desktop/vue-cli架构/ssr-cli/node_modules/webpack-dev-server/client/utils/log.js
<s> [webpack.Progress] 10% building 7/18 modules 11 active /Users/yuanxin/Desktop/vue-cli架构/ssr-cli/node_modules/webpack-dev-server/client/utils/sendMessage.js
<s> [webpack.Progress] 10% building 7/19 modules 12 active /Users/yuanxin/Desktop/vue-cli架构/ssr-cli/node_modules/webpack-dev-server/client/utils/reloadApp.js
<s> [webpack.Progress] 10% building 7/20 modules 13 active /Users/yuanxin/Desktop/vue-cli架构/ssr-cli/node_modules/webpack-dev-server/client/utils/createSocketUrl.js
<s> [webpack.Progress] 10% building 8/20 modules 12 active /Users/yuanxin/Desktop/vue-cli架构/ssr-cli/node_modules/webpack-dev-server/client/utils/createSocketUrl.js
<s> [webpack.Progress] 11% building 9/20 modules 11 active /Users/yuanxin/Desktop/vue-cli架构/ssr-cli/node_modules/webpack-dev-server/client/utils/createSocketUrl.js
<s> [webpack.Progress] 11% building 10/20 modules 10 active /Users/yuanxin/Desktop/vue-cli架构/ssr-cli/node_modules/webpack-dev-server/client/utils/createSocketUrl.js
<s> [webpack.Progress] 11% building 11/20 modules 9 active /Users/yuanxin/Desktop/vue-cli架构/ssr-cli/node_modules/webpack-dev-server/client/utils/createSocketUrl.js
<s> [webpack.Progress] 11% building 12/20 modules 8 active /Users/yuanxin/Desktop/vue-cli架构/ssr-cli/node_modules/webpack-dev-server/client/utils/createSocketUrl.js
<s> [webpack.Progress] 11% building 13/20 modules 7 active /Users/yuanxin/Desktop/vue-cli架构/ssr-cli/node_modules/webpack-dev-server/client/utils/createSocketUrl.js
<s> [webpack.Progress] 11% building 14/20 modules 6 active /Users/yuanxin/Desktop/vue-cli架构/ssr-cli/node_modules/webpack-dev-server/client/utils/createSocketUrl.js
<s> [webpack.Progress] 11% building 15/20 modules 5 active /Users/yuanxin/Desktop/vue-cli架构/ssr-cli/node_modules/webpack-dev-server/client/utils/createSocketUrl.js
<s> [webpack.Progress] 11% building 15/21 modules 6 active /Users/yuanxin/Desktop/vue-cli架构/ssr-cli/node_modules/core-js/modules/es.array.iterator.js
<s> [webpack.Progress] 11% building 15/22 modules 7 active /Users/yuanxin/Desktop/vue-cli架构/ssr-cli/node_modules/core-js/modules/es.promise.js
<s> [webpack.Progress] 11% building 15/23 modules 8 active /Users/yuanxin/Desktop/vue-cli架构/ssr-cli/node_modules/core-js/modules/es.object.assign.js
<s> [webpack.Progress] 11% building 15/24 modules 9 active /Users/yuanxin/Desktop/vue-cli架构/ssr-cli/node_modules/core-js/modules/es.promise.finally.js
<s> [webpack.Progress] 11% building 16/24 modules 8 active /Users/yuanxin/Desktop/vue-cli架构/ssr-cli/node_modules/core-js/modules/es.promise.finally.js
<s> [webpack.Progress] 12% building 17/24 modules 7 active /Users/yuanxin/Desktop/vue-cli架构/ssr-cli/node_modules/core-js/modules/es.promise.finally.js
<s> [webpack.Progress] 12% building 18/24 modules 6 active /Users/yuanxin/Desktop/vue-cli架构/ssr-cli/node_modules/core-js/modules/es.promise.finally.js
<s> [webpack.Progress] 12% building 19/24 modules 5 active /Users/yuanxin/Desktop/vue-cli架构/ssr-cli/node_modules/core-js/modules/es.promise.finally.js
<s> [webpack.Progress] 12% building 20/24 modules 4 active /Users/yuanxin/Desktop/vue-cli架构/ssr-cli/node_modules/core-js/modules/es.promise.finally.js
<s> [webpack.Progress] 12% building 20/25 modules 5 active /Users/yuanxin/Desktop/vue-cli架构/ssr-cli/node_modules/webpack-dev-server/client/clients/SockJSClient.js
<s> [webpack.Progress] 12% building 21/25 modules 4 active /Users/yuanxin/Desktop/vue-cli架构/ssr-cli/node_modules/webpack-dev-server/client/clients/SockJSClient.js
<s> [webpack.Progress] 12% building 22/25 modules 3 active /Users/yuanxin/Desktop/vue-cli架构/ssr-cli/node_modules/webpack-dev-server/client/clients/SockJSClient.js
<s> [webpack.Progress] 12% building 23/25 modules 2 active /Users/yuanxin/Desktop/vue-cli架构/ssr-cli/node_modules/webpack-dev-server/client/clients/SockJSClient.js
<s> [webpack.Progress] 12% building 24/25 modules 1 active /Users/yuanxin/Desktop/vue-cli架构/ssr-cli/node_modules/webpack-dev-server/client/clients/SockJSClient.js
<s> [webpack.Progress] 12% building 24/26 modules 2 active /Users/yuanxin/Desktop/vue-cli架构/ssr-cli/node_modules/webpack-dev-server/client/utils/getCurrentScriptSource.js
<s> [webpack.Progress] 13% building 25/26 modules 1 active /Users/yuanxin/Desktop/vue-cli架构/ssr-cli/node_modules/webpack-dev-server/client/utils/getCurrentScriptSource.js
<s> [webpack.Progress] 13% building 25/27 modules 2 active /Users/yuanxin/Desktop/vue-cli架构/ssr-cli/node_modules/vue/dist/vue.runtime.esm.js
<s> [webpack.Progress] 13% building 25/28 modules 3 active /Users/yuanxin/Desktop/vue-cli架构/ssr-cli/node_modules/cache-loader/dist/cjs.js??ref--1-0!/Users/yuanxin/Desktop/vue-cli架构/ssr-cli/node_modules/@vue/cli-service/node_modules/vue-loader/lib/index.js??vue-loader-options!/Users/yuanxin/Desktop/vue-cli架构/ssr-cli/node_modules/eslint-loader/index.js??ref--14-0!/Users/yuanxin/Desktop/vue-cli架构/ssr-cli/src/App.vue
<s> [webpack.Progress] 13% building 26/28 modules 2 active /Users/yuanxin/Desktop/vue-cli架构/ssr-cli/node_modules/cache-loader/dist/cjs.js??ref--1-0!/Users/yuanxin/Desktop/vue-cli架构/ssr-cli/node_modules/@vue/cli-service/node_modules/vue-loader/lib/index.js??vue-loader-options!/Users/yuanxin/Desktop/vue-cli架构/ssr-cli/node_modules/eslint-loader/index.js??ref--14-0!/Users/yuanxin/Desktop/vue-cli架构/ssr-cli/src/App.vue
<s> [webpack.Progress] 13% building 26/29 modules 3 active /Users/yuanxin/Desktop/vue-cli架构/ssr-cli/node_modules/core-js/internals/to-indexed-object.js
<s> [webpack.Progress] 13% building 26/30 modules 4 active /Users/yuanxin/Desktop/vue-cli架构/ssr-cli/node_modules/core-js/internals/add-to-unscopables.js
<s> [webpack.Progress] 13% building 26/31 modules 5 active /Users/yuanxin/Desktop/vue-cli架构/ssr-cli/node_modules/core-js/internals/iterators.js
<s> [webpack.Progress] 13% building 26/32 modules 6 active /Users/yuanxin/Desktop/vue-cli架构/ssr-cli/node_modules/core-js/internals/internal-state.js
<s> [webpack.Progress] 13% building 26/33 modules 7 active /Users/yuanxin/Desktop/vue-cli架构/ssr-cli/node_modules/core-js/internals/object-define-property.js
<s> [webpack.Progress] 13% building 26/34 modules 8 active /Users/yuanxin/Desktop/vue-cli架构/ssr-cli/node_modules/core-js/internals/define-iterator.js
<s> [webpack.Progress] 13% building 26/35 modules 9 active /Users/yuanxin/Desktop/vue-cli架构/ssr-cli/node_modules/core-js/internals/is-pure.js
<s> [webpack.Progress] 13% building 26/36 modules 10 active /Users/yuanxin/Desktop/vue-cli架构/ssr-cli/node_modules/core-js/internals/descriptors.js
<s> [webpack.Progress] 13% building 26/37 modules 11 active /Users/yuanxin/Desktop/vue-cli架构/ssr-cli/node_modules/core-js/internals/export.js
<s> [webpack.Progress] 13% building 26/38 modules 12 active /Users/yuanxin/Desktop/vue-cli架构/ssr-cli/node_modules/core-js/internals/object-assign.js
<s> [webpack.Progress] 13% building 26/39 modules 13 active /Users/yuanxin/Desktop/vue-cli架构/ssr-cli/node_modules/core-js/internals/native-promise-constructor.js
<s> [webpack.Progress] 13% building 26/40 modules 14 active /Users/yuanxin/Desktop/vue-cli架构/ssr-cli/node_modules/core-js/internals/fails.js
<s> [webpack.Progress] 13% building 26/41 modules 15 active /Users/yuanxin/Desktop/vue-cli架构/ssr-cli/node_modules/core-js/internals/get-built-in.js
<s> [webpack.Progress] 13% building 26/42 modules 16 active /Users/yuanxin/Desktop/vue-cli架构/ssr-cli/node_modules/core-js/internals/is-callable.js
<s> [webpack.Progress] 13% building 26/43 modules 17 active /Users/yuanxin/Desktop/vue-cli架构/ssr-cli/node_modules/core-js/internals/species-constructor.js
<s> [webpack.Progress] 13% building 26/44 modules 18 active /Users/yuanxin/Desktop/vue-cli架构/ssr-cli/node_modules/core-js/internals/promise-resolve.js
<s> [webpack.Progress] 13% building 26/45 modules 19 active /Users/yuanxin/Desktop/vue-cli架构/ssr-cli/node_modules/core-js/internals/redefine.js
<s> [webpack.Progress] 13% building 26/46 modules 20 active /Users/yuanxin/Desktop/vue-cli架构/ssr-cli/node_modules/core-js/internals/function-call.js
<s> [webpack.Progress] 13% building 26/47 modules 21 active /Users/yuanxin/Desktop/vue-cli架构/ssr-cli/node_modules/core-js/internals/redefine-all.js
<s> [webpack.Progress] 13% building 26/48 modules 22 active /Users/yuanxin/Desktop/vue-cli架构/ssr-cli/node_modules/core-js/internals/global.js
<s> [webpack.Progress] 13% building 26/49 modules 23 active /Users/yuanxin/Desktop/vue-cli架构/ssr-cli/node_modules/core-js/internals/object-set-prototype-of.js
<s> [webpack.Progress] 13% building 26/50 modules 24 active /Users/yuanxin/Desktop/vue-cli架构/ssr-cli/node_modules/core-js/internals/set-to-string-tag.js
<s> [webpack.Progress] 13% building 26/51 modules 25 active /Users/yuanxin/Desktop/vue-cli架构/ssr-cli/node_modules/core-js/internals/set-species.js
<s> [webpack.Progress] 13% building 26/52 modules 26 active /Users/yuanxin/Desktop/vue-cli架构/ssr-cli/node_modules/core-js/internals/a-callable.js
<s> [webpack.Progress] 13% building 26/53 modules 27 active /Users/yuanxin/Desktop/vue-cli架构/ssr-cli/node_modules/core-js/internals/is-object.js
<s> [webpack.Progress] 13% building 26/54 modules 28 active /Users/yuanxin/Desktop/vue-cli架构/ssr-cli/node_modules/core-js/internals/an-instance.js
<s> [webpack.Progress] 13% building 26/55 modules 29 active /Users/yuanxin/Desktop/vue-cli架构/ssr-cli/node_modules/core-js/internals/inspect-source.js
<s> [webpack.Progress] 13% building 26/56 modules 30 active /Users/yuanxin/Desktop/vue-cli架构/ssr-cli/node_modules/core-js/internals/iterate.js
<s> [webpack.Progress] 13% building 26/57 modules 31 active /Users/yuanxin/Desktop/vue-cli架构/ssr-cli/node_modules/core-js/internals/check-correctness-of-iteration.js
<s> [webpack.Progress] 13% building 26/58 modules 32 active /Users/yuanxin/Desktop/vue-cli架构/ssr-cli/node_modules/core-js/internals/microtask.js
<s> [webpack.Progress] 13% building 26/59 modules 33 active /Users/yuanxin/Desktop/vue-cli架构/ssr-cli/node_modules/core-js/internals/task.js
<s> [webpack.Progress] 13% building 26/60 modules 34 active /Users/yuanxin/Desktop/vue-cli架构/ssr-cli/node_modules/core-js/internals/host-report-errors.js
<s> [webpack.Progress] 13% building 26/61 modules 35 active /Users/yuanxin/Desktop/vue-cli架构/ssr-cli/node_modules/core-js/internals/new-promise-capability.js
<s> [webpack.Progress] 13% building 26/62 modules 36 active /Users/yuanxin/Desktop/vue-cli架构/ssr-cli/node_modules/core-js/internals/perform.js
<s> [webpack.Progress] 13% building 26/63 modules 37 active /Users/yuanxin/Desktop/vue-cli架构/ssr-cli/node_modules/core-js/internals/queue.js
<s> [webpack.Progress] 13% building 26/64 modules 38 active /Users/yuanxin/Desktop/vue-cli架构/ssr-cli/node_modules/core-js/internals/is-forced.js
<s> [webpack.Progress] 13% building 26/65 modules 39 active /Users/yuanxin/Desktop/vue-cli架构/ssr-cli/node_modules/core-js/internals/well-known-symbol.js
<s> [webpack.Progress] 13% building 26/66 modules 40 active /Users/yuanxin/Desktop/vue-cli架构/ssr-cli/node_modules/core-js/internals/engine-is-browser.js
<s> [webpack.Progress] 13% building 26/67 modules 41 active /Users/yuanxin/Desktop/vue-cli架构/ssr-cli/node_modules/core-js/internals/engine-is-node.js
<s> [webpack.Progress] 13% building 26/68 modules 42 active /Users/yuanxin/Desktop/vue-cli架构/ssr-cli/node_modules/core-js/internals/engine-v8-version.js
<s> [webpack.Progress] 13% building 26/69 modules 43 active /Users/yuanxin/Desktop/vue-cli架构/ssr-cli/node_modules/webpack-dev-server/client/clients/BaseClient.js
<s> [webpack.Progress] 13% building 27/69 modules 42 active /Users/yuanxin/Desktop/vue-cli架构/ssr-cli/node_modules/webpack-dev-server/client/clients/BaseClient.js
<s> [webpack.Progress] 13% building 28/69 modules 41 active /Users/yuanxin/Desktop/vue-cli架构/ssr-cli/node_modules/webpack-dev-server/client/clients/BaseClient.js
<s> [webpack.Progress] 13% building 29/69 modules 40 active /Users/yuanxin/Desktop/vue-cli架构/ssr-cli/node_modules/webpack-dev-server/client/clients/BaseClient.js
<s> [webpack.Progress] 13% building 30/69 modules 39 active /Users/yuanxin/Desktop/vue-cli架构/ssr-cli/node_modules/webpack-dev-server/client/clients/BaseClient.js
<s> [webpack.Progress] 13% building 31/69 modules 38 active /Users/yuanxin/Desktop/vue-cli架构/ssr-cli/node_modules/webpack-dev-server/client/clients/BaseClient.js
<s> [webpack.Progress] 13% building 32/69 modules 37 active /Users/yuanxin/Desktop/vue-cli架构/ssr-cli/node_modules/webpack-dev-server/client/clients/BaseClient.js
<s> [webpack.Progress] 13% building 33/69 modules 36 active /Users/yuanxin/Desktop/vue-cli架构/ssr-cli/node_modules/webpack-dev-server/client/clients/BaseClient.js
<s> [webpack.Progress] 14% building 34/69 modules 35 active /Users/yuanxin/Desktop/vue-cli架构/ssr-cli/node_modules/webpack-dev-server/client/clients/BaseClient.js
<s> [webpack.Progress] 14% building 35/69 modules 34 active /Users/yuanxin/Desktop/vue-cli架构/ssr-cli/node_modules/webpack-dev-server/client/clients/BaseClient.js
<s> [webpack.Progress] 14% building 36/69 modules 33 active /Users/yuanxin/Desktop/vue-cli架构/ssr-cli/node_modules/webpack-dev-server/client/clients/BaseClient.js
<s> [webpack.Progress] 14% building 37/69 modules 32 active /Users/yuanxin/Desktop/vue-cli架构/ssr-cli/node_modules/webpack-dev-server/client/clients/BaseClient.js
<s> [webpack.Progress] 14% building 38/69 modules 31 active /Users/yuanxin/Desktop/vue-cli架构/ssr-cli/node_modules/webpack-dev-server/client/clients/BaseClient.js
<s> [webpack.Progress] 14% building 39/69 modules 30 active /Users/yuanxin/Desktop/vue-cli架构/ssr-cli/node_modules/webpack-dev-server/client/clients/BaseClient.js
<s> [webpack.Progress] 14% building 40/69 modules 29 active /Users/yuanxin/Desktop/vue-cli架构/ssr-cli/node_modules/webpack-dev-server/client/clients/BaseClient.js
<s> [webpack.Progress] 14% building 41/69 modules 28 active /Users/yuanxin/Desktop/vue-cli架构/ssr-cli/node_modules/webpack-dev-server/client/clients/BaseClient.js
<s> [webpack.Progress] 15% building 42/69 modules 27 active /Users/yuanxin/Desktop/vue-cli架构/ssr-cli/node_modules/webpack-dev-server/client/clients/BaseClient.js
<s> [webpack.Progress] 15% building 43/69 modules 26 active /Users/yuanxin/Desktop/vue-cli架构/ssr-cli/node_modules/webpack-dev-server/client/clients/BaseClient.js
<s> [webpack.Progress] 15% building 44/69 modules 25 active /Users/yuanxin/Desktop/vue-cli架构/ssr-cli/node_modules/webpack-dev-server/client/clients/BaseClient.js
<s> [webpack.Progress] 15% building 45/69 modules 24 active /Users/yuanxin/Desktop/vue-cli架构/ssr-cli/node_modules/webpack-dev-server/client/clients/BaseClient.js
<s> [webpack.Progress] 15% building 46/69 modules 23 active /Users/yuanxin/Desktop/vue-cli架构/ssr-cli/node_modules/webpack-dev-server/client/clients/BaseClient.js
<s> [webpack.Progress] 15% building 47/69 modules 22 active /Users/yuanxin/Desktop/vue-cli架构/ssr-cli/node_modules/webpack-dev-server/client/clients/BaseClient.js
<s> [webpack.Progress] 15% building 48/69 modules 21 active /Users/yuanxin/Desktop/vue-cli架构/ssr-cli/node_modules/webpack-dev-server/client/clients/BaseClient.js
<s> [webpack.Progress] 15% building 49/69 modules 20 active /Users/yuanxin/Desktop/vue-cli架构/ssr-cli/node_modules/webpack-dev-server/client/clients/BaseClient.js
<s> [webpack.Progress] 16% building 50/69 modules 19 active /Users/yuanxin/Desktop/vue-cli架构/ssr-cli/node_modules/webpack-dev-server/client/clients/BaseClient.js
<s> [webpack.Progress] 16% building 51/69 modules 18 active /Users/yuanxin/Desktop/vue-cli架构/ssr-cli/node_modules/webpack-dev-server/client/clients/BaseClient.js
<s> [webpack.Progress] 16% building 52/69 modules 17 active /Users/yuanxin/Desktop/vue-cli架构/ssr-cli/node_modules/webpack-dev-server/client/clients/BaseClient.js
<s> [webpack.Progress] 16% building 53/69 modules 16 active /Users/yuanxin/Desktop/vue-cli架构/ssr-cli/node_modules/webpack-dev-server/client/clients/BaseClient.js
<s> [webpack.Progress] 16% building 54/69 modules 15 active /Users/yuanxin/Desktop/vue-cli架构/ssr-cli/node_modules/webpack-dev-server/client/clients/BaseClient.js
<s> [webpack.Progress] 16% building 55/69 modules 14 active /Users/yuanxin/Desktop/vue-cli架构/ssr-cli/node_modules/webpack-dev-server/client/clients/BaseClient.js
<s> [webpack.Progress] 16% building 56/69 modules 13 active /Users/yuanxin/Desktop/vue-cli架构/ssr-cli/node_modules/webpack-dev-server/client/clients/BaseClient.js
<s> [webpack.Progress] 16% building 57/69 modules 12 active /Users/yuanxin/Desktop/vue-cli架构/ssr-cli/node_modules/webpack-dev-server/client/clients/BaseClient.js
<s> [webpack.Progress] 16% building 58/69 modules 11 active /Users/yuanxin/Desktop/vue-cli架构/ssr-cli/node_modules/webpack-dev-server/client/clients/BaseClient.js
<s> [webpack.Progress] 17% building 59/69 modules 10 active /Users/yuanxin/Desktop/vue-cli架构/ssr-cli/node_modules/webpack-dev-server/client/clients/BaseClient.js
<s> [webpack.Progress] 17% building 60/69 modules 9 active /Users/yuanxin/Desktop/vue-cli架构/ssr-cli/node_modules/webpack-dev-server/client/clients/BaseClient.js
<s> [webpack.Progress] 17% building 61/69 modules 8 active /Users/yuanxin/Desktop/vue-cli架构/ssr-cli/node_modules/webpack-dev-server/client/clients/BaseClient.js
<s> [webpack.Progress] 17% building 62/69 modules 7 active /Users/yuanxin/Desktop/vue-cli架构/ssr-cli/node_modules/webpack-dev-server/client/clients/BaseClient.js
<s> [webpack.Progress] 17% building 63/69 modules 6 active /Users/yuanxin/Desktop/vue-cli架构/ssr-cli/node_modules/webpack-dev-server/client/clients/BaseClient.js
<s> [webpack.Progress] 17% building 64/69 modules 5 active /Users/yuanxin/Desktop/vue-cli架构/ssr-cli/node_modules/webpack-dev-server/client/clients/BaseClient.js
<s> [webpack.Progress] 17% building 65/69 modules 4 active /Users/yuanxin/Desktop/vue-cli架构/ssr-cli/node_modules/webpack-dev-server/client/clients/BaseClient.js
<s> [webpack.Progress] 17% building 66/69 modules 3 active /Users/yuanxin/Desktop/vue-cli架构/ssr-cli/node_modules/webpack-dev-server/client/clients/BaseClient.js
<s> [webpack.Progress] 18% building 67/69 modules 2 active /Users/yuanxin/Desktop/vue-cli架构/ssr-cli/node_modules/webpack-dev-server/client/clients/BaseClient.js
<s> [webpack.Progress] 18% building 68/69 modules 1 active /Users/yuanxin/Desktop/vue-cli架构/ssr-cli/node_modules/webpack-dev-server/client/clients/BaseClient.js
<s> [webpack.Progress] 18% building 68/70 modules 2 active /Users/yuanxin/Desktop/vue-cli架构/ssr-cli/node_modules/webpack-dev-server/node_modules/strip-ansi/index.js
<s> [webpack.Progress] 18% building 69/70 modules 1 active /Users/yuanxin/Desktop/vue-cli架构/ssr-cli/node_modules/webpack-dev-server/node_modules/strip-ansi/index.js
<s> [webpack.Progress] 18% building 69/71 modules 2 active /Users/yuanxin/Desktop/vue-cli架构/ssr-cli/node_modules/@vue/cli-service/node_modules/vue-loader/lib/loaders/pitcher.js??ref--4!/Users/yuanxin/Desktop/vue-cli架构/ssr-cli/node_modules/cache-loader/dist/cjs.js??ref--1-0!/Users/yuanxin/Desktop/vue-cli架构/ssr-cli/node_modules/@vue/cli-service/node_modules/vue-loader/lib/index.js??vue-loader-options!/Users/yuanxin/Desktop/vue-cli架构/ssr-cli/node_modules/eslint-loader/index.js??ref--14-0!/Users/yuanxin/Desktop/vue-cli架构/ssr-cli/src/App.vue?vue&type=template&id=7ba5bd90&
<s> [webpack.Progress] 18% building 70/71 modules 1 active /Users/yuanxin/Desktop/vue-cli架构/ssr-cli/node_modules/webpack-dev-server/node_modules/strip-ansi/index.js
<s> [webpack.Progress] 18% building 70/72 modules 2 active /Users/yuanxin/Desktop/vue-cli架构/ssr-cli/node_modules/events/events.js
<s> [webpack.Progress] 18% building 70/73 modules 3 active /Users/yuanxin/Desktop/vue-cli架构/ssr-cli/node_modules/ansi-html-community/index.js
<s> [webpack.Progress] 18% building 71/73 modules 2 active /Users/yuanxin/Desktop/vue-cli架构/ssr-cli/node_modules/ansi-html-community/index.js
<s> [webpack.Progress] 18% building 71/74 modules 3 active /Users/yuanxin/Desktop/vue-cli架构/ssr-cli/node_modules/cache-loader/dist/cjs.js?{"cacheDirectory":"node_modules/.cache/vue-loader","cacheIdentifier":"263389b0-vue-loader-template"}!/Users/yuanxin/Desktop/vue-cli架构/ssr-cli/node_modules/@vue/cli-service/node_modules/vue-loader/lib/loaders/templateLoader.js??vue-loader-options!/Users/yuanxin/Desktop/vue-cli架构/ssr-cli/node_modules/cache-loader/dist/cjs.js??ref--1-0!/Users/yuanxin/Desktop/vue-cli架构/ssr-cli/node_modules/@vue/cli-service/node_modules/vue-loader/lib/index.js??vue-loader-options!/Users/yuanxin/Desktop/vue-cli架构/ssr-cli/src/App.vue?vue&type=template&id=7ba5bd90&
<s> [webpack.Progress] 18% building 71/75 modules 4 active /Users/yuanxin/Desktop/vue-cli架构/ssr-cli/node_modules/@vue/cli-service/node_modules/vue-loader/lib/runtime/componentNormalizer.js
<s> [webpack.Progress] 18% building 71/76 modules 5 active /Users/yuanxin/Desktop/vue-cli架构/ssr-cli/node_modules/url/url.js
<s> [webpack.Progress] 18% building 71/77 modules 6 active /Users/yuanxin/Desktop/vue-cli架构/ssr-cli/node_modules/html-entities/lib/index.js
<s> [webpack.Progress] 18% building 71/78 modules 7 active /Users/yuanxin/Desktop/vue-cli架构/ssr-cli/node_modules/cache-loader/dist/cjs.js??ref--13-0!/Users/yuanxin/Desktop/vue-cli架构/ssr-cli/node_modules/babel-loader/lib/index.js!/Users/yuanxin/Desktop/vue-cli架构/ssr-cli/node_modules/eslint-loader/index.js??ref--14-0!/Users/yuanxin/Desktop/vue-cli架构/ssr-cli/src/route/index.js
<s> [webpack.Progress] 18% building 71/79 modules 8 active /Users/yuanxin/Desktop/vue-cli架构/ssr-cli/node_modules/core-js/internals/native-weak-map.js
<s> [webpack.Progress] 18% building 71/80 modules 9 active /Users/yuanxin/Desktop/vue-cli架构/ssr-cli/node_modules/core-js/internals/function-uncurry-this.js
<s> [webpack.Progress] 18% building 71/81 modules 10 active /Users/yuanxin/Desktop/vue-cli架构/ssr-cli/node_modules/core-js/internals/create-non-enumerable-property.js
<s> [webpack.Progress] 18% building 71/82 modules 11 active /Users/yuanxin/Desktop/vue-cli架构/ssr-cli/node_modules/core-js/internals/shared-store.js
<s> [webpack.Progress] 18% building 71/83 modules 12 active /Users/yuanxin/Desktop/vue-cli架构/ssr-cli/node_modules/core-js/internals/has-own-property.js
<s> [webpack.Progress] 18% building 71/84 modules 13 active /Users/yuanxin/Desktop/vue-cli架构/ssr-cli/node_modules/core-js/internals/shared-key.js
<s> [webpack.Progress] 18% building 71/85 modules 14 active /Users/yuanxin/Desktop/vue-cli架构/ssr-cli/node_modules/core-js/internals/hidden-keys.js
<s> [webpack.Progress] 18% building 71/86 modules 15 active /Users/yuanxin/Desktop/vue-cli架构/ssr-cli/node_modules/core-js/internals/ie8-dom-define.js
<s> [webpack.Progress] 18% building 71/87 modules 16 active /Users/yuanxin/Desktop/vue-cli架构/ssr-cli/node_modules/core-js/internals/v8-prototype-define-bug.js
<s> [webpack.Progress] 18% building 71/88 modules 17 active /Users/yuanxin/Desktop/vue-cli架构/ssr-cli/node_modules/core-js/internals/an-object.js
<s> [webpack.Progress] 18% building 71/89 modules 18 active /Users/yuanxin/Desktop/vue-cli架构/ssr-cli/node_modules/core-js/internals/to-property-key.js
<s> [webpack.Progress] 18% building 71/90 modules 19 active /Users/yuanxin/Desktop/vue-cli架构/ssr-cli/node_modules/core-js/internals/object-create.js
<s> [webpack.Progress] 18% building 71/91 modules 20 active /Users/yuanxin/Desktop/vue-cli架构/ssr-cli/node_modules/core-js/internals/indexed-object.js
<s> [webpack.Progress] 18% building 71/92 modules 21 active /Users/yuanxin/Desktop/vue-cli架构/ssr-cli/node_modules/core-js/internals/require-object-coercible.js
<s> [webpack.Progress] 18% building 71/93 modules 22 active /Users/yuanxin/Desktop/vue-cli架构/ssr-cli/node_modules/core-js/internals/function-name.js
<s> [webpack.Progress] 18% building 71/94 modules 23 active /Users/yuanxin/Desktop/vue-cli架构/ssr-cli/node_modules/core-js/internals/create-iterator-constructor.js
<s> [webpack.Progress] 18% building 71/95 modules 24 active /Users/yuanxin/Desktop/vue-cli架构/ssr-cli/node_modules/core-js/internals/object-get-prototype-of.js
<s> [webpack.Progress] 18% building 71/96 modules 25 active /Users/yuanxin/Desktop/vue-cli架构/ssr-cli/node_modules/core-js/internals/iterators-core.js
<s> [webpack.Progress] 18% building 71/97 modules 26 active /Users/yuanxin/Desktop/vue-cli架构/ssr-cli/node_modules/core-js/internals/object-get-own-property-descriptor.js
<s> [webpack.Progress] 18% building 71/98 modules 27 active /Users/yuanxin/Desktop/vue-cli架构/ssr-cli/node_modules/core-js/internals/set-global.js
<s> [webpack.Progress] 18% building 71/99 modules 28 active /Users/yuanxin/Desktop/vue-cli架构/ssr-cli/node_modules/core-js/internals/object-keys.js
<s> [webpack.Progress] 18% building 71/100 modules 29 active /Users/yuanxin/Desktop/vue-cli架构/ssr-cli/node_modules/core-js/internals/object-get-own-property-symbols.js
<s> [webpack.Progress] 18% building 71/101 modules 30 active /Users/yuanxin/Desktop/vue-cli架构/ssr-cli/node_modules/core-js/internals/copy-constructor-properties.js
<s> [webpack.Progress] 18% building 71/102 modules 31 active /Users/yuanxin/Desktop/vue-cli架构/ssr-cli/node_modules/core-js/internals/object-property-is-enumerable.js
<s> [webpack.Progress] 18% building 71/103 modules 32 active /Users/yuanxin/Desktop/vue-cli架构/ssr-cli/node_modules/core-js/internals/to-object.js
<s> [webpack.Progress] 18% building 71/104 modules 33 active /Users/yuanxin/Desktop/vue-cli架构/ssr-cli/node_modules/core-js/internals/a-constructor.js
<s> [webpack.Progress] 18% building 71/105 modules 34 active /Users/yuanxin/Desktop/vue-cli架构/ssr-cli/node_modules/core-js/internals/function-bind-native.js
<s> [webpack.Progress] 18% building 71/106 modules 35 active /Users/yuanxin/Desktop/vue-cli架构/ssr-cli/node_modules/core-js/internals/a-possible-prototype.js
<s> [webpack.Progress] 18% building 71/107 modules 36 active /Users/yuanxin/Desktop/vue-cli架构/ssr-cli/node_modules/core-js/internals/try-to-string.js
<s> [webpack.Progress] 18% building 71/108 modules 37 active /Users/yuanxin/Desktop/vue-cli架构/ssr-cli/node_modules/core-js/internals/object-is-prototype-of.js
<s> [webpack.Progress] 18% building 71/109 modules 38 active /Users/yuanxin/Desktop/vue-cli架构/ssr-cli/node_modules/core-js/internals/function-bind-context.js
<s> [webpack.Progress] 18% building 71/110 modules 39 active /Users/yuanxin/Desktop/vue-cli架构/ssr-cli/node_modules/core-js/internals/is-array-iterator-method.js
<s> [webpack.Progress] 18% building 71/111 modules 40 active /Users/yuanxin/Desktop/vue-cli架构/ssr-cli/node_modules/core-js/internals/length-of-array-like.js
<s> [webpack.Progress] 18% building 71/112 modules 41 active /Users/yuanxin/Desktop/vue-cli架构/ssr-cli/node_modules/core-js/internals/get-iterator.js
<s> [webpack.Progress] 18% building 71/113 modules 42 active /Users/yuanxin/Desktop/vue-cli架构/ssr-cli/node_modules/core-js/internals/get-iterator-method.js
<s> [webpack.Progress] 18% building 71/114 modules 43 active /Users/yuanxin/Desktop/vue-cli架构/ssr-cli/node_modules/core-js/internals/engine-is-ios.js
<s> [webpack.Progress] 18% building 71/115 modules 44 active /Users/yuanxin/Desktop/vue-cli架构/ssr-cli/node_modules/core-js/internals/iterator-close.js
<s> [webpack.Progress] 18% building 71/116 modules 45 active /Users/yuanxin/Desktop/vue-cli架构/ssr-cli/node_modules/core-js/internals/engine-is-ios-pebble.js
<s> [webpack.Progress] 18% building 71/117 modules 46 active /Users/yuanxin/Desktop/vue-cli架构/ssr-cli/node_modules/core-js/internals/engine-is-webos-webkit.js
<s> [webpack.Progress] 18% building 71/118 modules 47 active /Users/yuanxin/Desktop/vue-cli架构/ssr-cli/node_modules/core-js/internals/function-apply.js
<s> [webpack.Progress] 18% building 71/119 modules 48 active /Users/yuanxin/Desktop/vue-cli架构/ssr-cli/node_modules/core-js/internals/html.js
<s> [webpack.Progress] 18% building 71/120 modules 49 active /Users/yuanxin/Desktop/vue-cli架构/ssr-cli/node_modules/core-js/internals/array-slice.js
<s> [webpack.Progress] 18% building 71/121 modules 50 active /Users/yuanxin/Desktop/vue-cli架构/ssr-cli/node_modules/core-js/internals/document-create-element.js
<s> [webpack.Progress] 18% building 71/122 modules 51 active /Users/yuanxin/Desktop/vue-cli架构/ssr-cli/node_modules/core-js/internals/classof-raw.js
<s> [webpack.Progress] 18% building 71/123 modules 52 active /Users/yuanxin/Desktop/vue-cli架构/ssr-cli/node_modules/core-js/internals/engine-user-agent.js
<s> [webpack.Progress] 18% building 71/124 modules 53 active /Users/yuanxin/Desktop/vue-cli架构/ssr-cli/node_modules/core-js/internals/shared.js
<s> [webpack.Progress] 18% building 71/125 modules 54 active /Users/yuanxin/Desktop/vue-cli架构/ssr-cli/node_modules/core-js/internals/validate-arguments-length.js
<s> [webpack.Progress] 18% building 71/126 modules 55 active /Users/yuanxin/Desktop/vue-cli架构/ssr-cli/node_modules/core-js/internals/uid.js
<s> [webpack.Progress] 18% building 71/127 modules 56 active /Users/yuanxin/Desktop/vue-cli架构/ssr-cli/node_modules/core-js/internals/native-symbol.js
<s> [webpack.Progress] 18% building 71/128 modules 57 active /Users/yuanxin/Desktop/vue-cli架构/ssr-cli/node_modules/core-js/internals/use-symbol-as-uid.js
<s> [webpack.Progress] 18% building 72/128 modules 56 active /Users/yuanxin/Desktop/vue-cli架构/ssr-cli/node_modules/core-js/internals/use-symbol-as-uid.js
<s> [webpack.Progress] 40% building 72/128 modules 56 active /Users/yuanxin/Desktop/vue-cli架构/ssr-cli/node_modules/core-js/internals/use-symbol-as-uid.js
<s> [webpack.Progress] 40% building 73/128 modules 55 active /Users/yuanxin/Desktop/vue-cli架构/ssr-cli/node_modules/core-js/internals/use-symbol-as-uid.js
<s> [webpack.Progress] 40% building 73/129 modules 56 active /Users/yuanxin/Desktop/vue-cli架构/ssr-cli/node_modules/loglevel/lib/loglevel.js
<s> [webpack.Progress] 40% building 73/130 modules 57 active /Users/yuanxin/Desktop/vue-cli架构/ssr-cli/node_modules/vue-hot-reload-api/dist/index.js
<s> [webpack.Progress] 40% building 74/130 modules 56 active /Users/yuanxin/Desktop/vue-cli架构/ssr-cli/node_modules/vue-hot-reload-api/dist/index.js
<s> [webpack.Progress] 40% building 75/130 modules 55 active /Users/yuanxin/Desktop/vue-cli架构/ssr-cli/node_modules/vue-hot-reload-api/dist/index.js
<s> [webpack.Progress] 40% building 75/131 modules 56 active /Users/yuanxin/Desktop/vue-cli架构/ssr-cli/node_modules/sockjs-client/dist/sockjs.js
<s> [webpack.Progress] 40% building 76/131 modules 55 active /Users/yuanxin/Desktop/vue-cli架构/ssr-cli/node_modules/sockjs-client/dist/sockjs.js
<s> [webpack.Progress] 40% building 77/131 modules 54 active /Users/yuanxin/Desktop/vue-cli架构/ssr-cli/node_modules/sockjs-client/dist/sockjs.js
<s> [webpack.Progress] 40% building 78/131 modules 53 active /Users/yuanxin/Desktop/vue-cli架构/ssr-cli/node_modules/sockjs-client/dist/sockjs.js
<s> [webpack.Progress] 40% building 79/131 modules 52 active /Users/yuanxin/Desktop/vue-cli架构/ssr-cli/node_modules/sockjs-client/dist/sockjs.js
<s> [webpack.Progress] 40% building 80/131 modules 51 active /Users/yuanxin/Desktop/vue-cli架构/ssr-cli/node_modules/sockjs-client/dist/sockjs.js
<s> [webpack.Progress] 40% building 81/131 modules 50 active /Users/yuanxin/Desktop/vue-cli架构/ssr-cli/node_modules/sockjs-client/dist/sockjs.js
<s> [webpack.Progress] 40% building 82/131 modules 49 active /Users/yuanxin/Desktop/vue-cli架构/ssr-cli/node_modules/sockjs-client/dist/sockjs.js
<s> [webpack.Progress] 40% building 83/131 modules 48 active /Users/yuanxin/Desktop/vue-cli架构/ssr-cli/node_modules/sockjs-client/dist/sockjs.js
<s> [webpack.Progress] 40% building 84/131 modules 47 active /Users/yuanxin/Desktop/vue-cli架构/ssr-cli/node_modules/sockjs-client/dist/sockjs.js
<s> [webpack.Progress] 40% building 85/131 modules 46 active /Users/yuanxin/Desktop/vue-cli架构/ssr-cli/node_modules/sockjs-client/dist/sockjs.js
<s> [webpack.Progress] 40% building 86/131 modules 45 active /Users/yuanxin/Desktop/vue-cli架构/ssr-cli/node_modules/sockjs-client/dist/sockjs.js
<s> [webpack.Progress] 40% building 87/131 modules 44 active /Users/yuanxin/Desktop/vue-cli架构/ssr-cli/node_modules/sockjs-client/dist/sockjs.js
<s> [webpack.Progress] 40% building 88/131 modules 43 active /Users/yuanxin/Desktop/vue-cli架构/ssr-cli/node_modules/sockjs-client/dist/sockjs.js
<s> [webpack.Progress] 40% building 89/131 modules 42 active /Users/yuanxin/Desktop/vue-cli架构/ssr-cli/node_modules/sockjs-client/dist/sockjs.js
<s> [webpack.Progress] 40% building 90/131 modules 41 active /Users/yuanxin/Desktop/vue-cli架构/ssr-cli/node_modules/sockjs-client/dist/sockjs.js
<s> [webpack.Progress] 40% building 91/131 modules 40 active /Users/yuanxin/Desktop/vue-cli架构/ssr-cli/node_modules/sockjs-client/dist/sockjs.js
<s> [webpack.Progress] 40% building 92/131 modules 39 active /Users/yuanxin/Desktop/vue-cli架构/ssr-cli/node_modules/sockjs-client/dist/sockjs.js
<s> [webpack.Progress] 40% building 93/131 modules 38 active /Users/yuanxin/Desktop/vue-cli架构/ssr-cli/node_modules/sockjs-client/dist/sockjs.js
<s> [webpack.Progress] 40% building 94/131 modules 37 active /Users/yuanxin/Desktop/vue-cli架构/ssr-cli/node_modules/sockjs-client/dist/sockjs.js
<s> [webpack.Progress] 40% building 95/131 modules 36 active /Users/yuanxin/Desktop/vue-cli架构/ssr-cli/node_modules/sockjs-client/dist/sockjs.js
<s> [webpack.Progress] 40% building 96/131 modules 35 active /Users/yuanxin/Desktop/vue-cli架构/ssr-cli/node_modules/sockjs-client/dist/sockjs.js
<s> [webpack.Progress] 40% building 97/131 modules 34 active /Users/yuanxin/Desktop/vue-cli架构/ssr-cli/node_modules/sockjs-client/dist/sockjs.js
<s> [webpack.Progress] 40% building 98/131 modules 33 active /Users/yuanxin/Desktop/vue-cli架构/ssr-cli/node_modules/sockjs-client/dist/sockjs.js
<s> [webpack.Progress] 40% building 99/131 modules 32 active /Users/yuanxin/Desktop/vue-cli架构/ssr-cli/node_modules/sockjs-client/dist/sockjs.js
<s> [webpack.Progress] 40% building 100/131 modules 31 active /Users/yuanxin/Desktop/vue-cli架构/ssr-cli/node_modules/sockjs-client/dist/sockjs.js
<s> [webpack.Progress] 40% building 101/131 modules 30 active /Users/yuanxin/Desktop/vue-cli架构/ssr-cli/node_modules/sockjs-client/dist/sockjs.js
<s> [webpack.Progress] 40% building 102/131 modules 29 active /Users/yuanxin/Desktop/vue-cli架构/ssr-cli/node_modules/sockjs-client/dist/sockjs.js
<s> [webpack.Progress] 40% building 103/131 modules 28 active /Users/yuanxin/Desktop/vue-cli架构/ssr-cli/node_modules/sockjs-client/dist/sockjs.js
<s> [webpack.Progress] 40% building 104/131 modules 27 active /Users/yuanxin/Desktop/vue-cli架构/ssr-cli/node_modules/sockjs-client/dist/sockjs.js
<s> [webpack.Progress] 40% building 105/131 modules 26 active /Users/yuanxin/Desktop/vue-cli架构/ssr-cli/node_modules/sockjs-client/dist/sockjs.js
<s> [webpack.Progress] 40% building 106/131 modules 25 active /Users/yuanxin/Desktop/vue-cli架构/ssr-cli/node_modules/sockjs-client/dist/sockjs.js
<s> [webpack.Progress] 40% building 107/131 modules 24 active /Users/yuanxin/Desktop/vue-cli架构/ssr-cli/node_modules/sockjs-client/dist/sockjs.js
<s> [webpack.Progress] 40% building 108/131 modules 23 active /Users/yuanxin/Desktop/vue-cli架构/ssr-cli/node_modules/sockjs-client/dist/sockjs.js
<s> [webpack.Progress] 40% building 109/131 modules 22 active /Users/yuanxin/Desktop/vue-cli架构/ssr-cli/node_modules/sockjs-client/dist/sockjs.js
<s> [webpack.Progress] 40% building 110/131 modules 21 active /Users/yuanxin/Desktop/vue-cli架构/ssr-cli/node_modules/sockjs-client/dist/sockjs.js
<s> [webpack.Progress] 40% building 111/131 modules 20 active /Users/yuanxin/Desktop/vue-cli架构/ssr-cli/node_modules/sockjs-client/dist/sockjs.js
<s> [webpack.Progress] 40% building 112/131 modules 19 active /Users/yuanxin/Desktop/vue-cli架构/ssr-cli/node_modules/sockjs-client/dist/sockjs.js
<s> [webpack.Progress] 40% building 113/131 modules 18 active /Users/yuanxin/Desktop/vue-cli架构/ssr-cli/node_modules/sockjs-client/dist/sockjs.js
<s> [webpack.Progress] 40% building 114/131 modules 17 active /Users/yuanxin/Desktop/vue-cli架构/ssr-cli/node_modules/sockjs-client/dist/sockjs.js
<s> [webpack.Progress] 40% building 115/131 modules 16 active /Users/yuanxin/Desktop/vue-cli架构/ssr-cli/node_modules/sockjs-client/dist/sockjs.js
<s> [webpack.Progress] 40% building 116/131 modules 15 active /Users/yuanxin/Desktop/vue-cli架构/ssr-cli/node_modules/sockjs-client/dist/sockjs.js
<s> [webpack.Progress] 40% building 117/131 modules 14 active /Users/yuanxin/Desktop/vue-cli架构/ssr-cli/node_modules/sockjs-client/dist/sockjs.js
<s> [webpack.Progress] 40% building 118/131 modules 13 active /Users/yuanxin/Desktop/vue-cli架构/ssr-cli/node_modules/sockjs-client/dist/sockjs.js
<s> [webpack.Progress] 40% building 119/131 modules 12 active /Users/yuanxin/Desktop/vue-cli架构/ssr-cli/node_modules/sockjs-client/dist/sockjs.js
<s> [webpack.Progress] 40% building 120/131 modules 11 active /Users/yuanxin/Desktop/vue-cli架构/ssr-cli/node_modules/sockjs-client/dist/sockjs.js
<s> [webpack.Progress] 40% building 121/131 modules 10 active /Users/yuanxin/Desktop/vue-cli架构/ssr-cli/node_modules/sockjs-client/dist/sockjs.js
<s> [webpack.Progress] 40% building 122/131 modules 9 active /Users/yuanxin/Desktop/vue-cli架构/ssr-cli/node_modules/sockjs-client/dist/sockjs.js
<s> [webpack.Progress] 40% building 123/131 modules 8 active /Users/yuanxin/Desktop/vue-cli架构/ssr-cli/node_modules/sockjs-client/dist/sockjs.js
<s> [webpack.Progress] 40% building 124/131 modules 7 active /Users/yuanxin/Desktop/vue-cli架构/ssr-cli/node_modules/sockjs-client/dist/sockjs.js
<s> [webpack.Progress] 40% building 125/131 modules 6 active /Users/yuanxin/Desktop/vue-cli架构/ssr-cli/node_modules/sockjs-client/dist/sockjs.js
<s> [webpack.Progress] 40% building 126/131 modules 5 active /Users/yuanxin/Desktop/vue-cli架构/ssr-cli/node_modules/sockjs-client/dist/sockjs.js
<s> [webpack.Progress] 40% building 127/131 modules 4 active /Users/yuanxin/Desktop/vue-cli架构/ssr-cli/node_modules/sockjs-client/dist/sockjs.js
<s> [webpack.Progress] 40% building 128/131 modules 3 active /Users/yuanxin/Desktop/vue-cli架构/ssr-cli/node_modules/sockjs-client/dist/sockjs.js
<s> [webpack.Progress] 40% building 129/131 modules 2 active /Users/yuanxin/Desktop/vue-cli架构/ssr-cli/node_modules/sockjs-client/dist/sockjs.js
<s> [webpack.Progress] 40% building 130/131 modules 1 active /Users/yuanxin/Desktop/vue-cli架构/ssr-cli/node_modules/sockjs-client/dist/sockjs.js
<s> [webpack.Progress] 40% building 131/131 modules 0 active 
<s> [webpack.Progress] 40% building 131/132 modules 1 active /Users/yuanxin/Desktop/vue-cli架构/ssr-cli/node_modules/url/util.js
<s> [webpack.Progress] 40% building 131/133 modules 2 active /Users/yuanxin/Desktop/vue-cli架构/ssr-cli/node_modules/html-entities/lib/xml-entities.js
<s> [webpack.Progress] 40% building 131/134 modules 3 active /Users/yuanxin/Desktop/vue-cli架构/ssr-cli/node_modules/html-entities/lib/html4-entities.js
<s> [webpack.Progress] 40% building 131/135 modules 4 active /Users/yuanxin/Desktop/vue-cli架构/ssr-cli/node_modules/html-entities/lib/html5-entities.js
<s> [webpack.Progress] 40% building 131/136 modules 5 active /Users/yuanxin/Desktop/vue-cli架构/ssr-cli/node_modules/core-js/internals/create-property-descriptor.js
<s> [webpack.Progress] 40% building 131/137 modules 6 active /Users/yuanxin/Desktop/vue-cli架构/ssr-cli/node_modules/core-js/internals/object-define-properties.js
<s> [webpack.Progress] 40% building 131/138 modules 7 active /Users/yuanxin/Desktop/vue-cli架构/ssr-cli/node_modules/core-js/internals/enum-bug-keys.js
<s> [webpack.Progress] 40% building 131/139 modules 8 active /Users/yuanxin/Desktop/vue-cli架构/ssr-cli/node_modules/core-js/internals/to-primitive.js
<s> [webpack.Progress] 40% building 131/140 modules 9 active /Users/yuanxin/Desktop/vue-cli架构/ssr-cli/node_modules/core-js/internals/is-symbol.js
<s> [webpack.Progress] 40% building 131/141 modules 10 active /Users/yuanxin/Desktop/vue-cli架构/ssr-cli/node_modules/core-js/internals/correct-prototype-getter.js
<s> [webpack.Progress] 40% building 131/142 modules 11 active /Users/yuanxin/Desktop/vue-cli架构/ssr-cli/node_modules/core-js/internals/own-keys.js
<s> [webpack.Progress] 40% building 131/143 modules 12 active /Users/yuanxin/Desktop/vue-cli架构/ssr-cli/node_modules/core-js/internals/object-keys-internal.js
<s> [webpack.Progress] 40% building 131/144 modules 13 active /Users/yuanxin/Desktop/vue-cli架构/ssr-cli/node_modules/core-js/internals/is-constructor.js
<s> [webpack.Progress] 40% building 131/145 modules 14 active /Users/yuanxin/Desktop/vue-cli架构/ssr-cli/node_modules/core-js/internals/classof.js
<s> [webpack.Progress] 40% building 131/146 modules 15 active /Users/yuanxin/Desktop/vue-cli架构/ssr-cli/node_modules/core-js/internals/to-length.js
<s> [webpack.Progress] 40% building 131/147 modules 16 active /Users/yuanxin/Desktop/vue-cli架构/ssr-cli/node_modules/core-js/internals/get-method.js
<s> [webpack.Progress] 40% building 132/147 modules 15 active /Users/yuanxin/Desktop/vue-cli架构/ssr-cli/node_modules/core-js/internals/get-method.js
<s> [webpack.Progress] 40% building 133/147 modules 14 active /Users/yuanxin/Desktop/vue-cli架构/ssr-cli/node_modules/core-js/internals/get-method.js
<s> [webpack.Progress] 40% building 134/147 modules 13 active /Users/yuanxin/Desktop/vue-cli架构/ssr-cli/node_modules/core-js/internals/get-method.js
<s> [webpack.Progress] 40% building 135/147 modules 12 active /Users/yuanxin/Desktop/vue-cli架构/ssr-cli/node_modules/core-js/internals/get-method.js
<s> [webpack.Progress] 40% building 136/147 modules 11 active /Users/yuanxin/Desktop/vue-cli架构/ssr-cli/node_modules/core-js/internals/get-method.js
<s> [webpack.Progress] 40% building 137/147 modules 10 active /Users/yuanxin/Desktop/vue-cli架构/ssr-cli/node_modules/core-js/internals/get-method.js
<s> [webpack.Progress] 40% building 138/147 modules 9 active /Users/yuanxin/Desktop/vue-cli架构/ssr-cli/node_modules/core-js/internals/get-method.js
<s> [webpack.Progress] 40% building 139/147 modules 8 active /Users/yuanxin/Desktop/vue-cli架构/ssr-cli/node_modules/core-js/internals/get-method.js
<s> [webpack.Progress] 40% building 140/147 modules 7 active /Users/yuanxin/Desktop/vue-cli架构/ssr-cli/node_modules/core-js/internals/get-method.js
<s> [webpack.Progress] 40% building 141/147 modules 6 active /Users/yuanxin/Desktop/vue-cli架构/ssr-cli/node_modules/core-js/internals/get-method.js
<s> [webpack.Progress] 40% building 142/147 modules 5 active /Users/yuanxin/Desktop/vue-cli架构/ssr-cli/node_modules/core-js/internals/get-method.js
<s> [webpack.Progress] 40% building 143/147 modules 4 active /Users/yuanxin/Desktop/vue-cli架构/ssr-cli/node_modules/core-js/internals/get-method.js
<s> [webpack.Progress] 40% building 144/147 modules 3 active /Users/yuanxin/Desktop/vue-cli架构/ssr-cli/node_modules/core-js/internals/get-method.js
<s> [webpack.Progress] 40% building 145/147 modules 2 active /Users/yuanxin/Desktop/vue-cli架构/ssr-cli/node_modules/core-js/internals/get-method.js
<s> [webpack.Progress] 40% building 146/147 modules 1 active /Users/yuanxin/Desktop/vue-cli架构/ssr-cli/node_modules/core-js/internals/get-method.js
<s> [webpack.Progress] 40% building 147/147 modules 0 active 
<s> [webpack.Progress] 40% building 147/148 modules 1 active /Users/yuanxin/Desktop/vue-cli架构/ssr-cli/node_modules/html-entities/lib/surrogate-pairs.js
<s> [webpack.Progress] 40% building 147/149 modules 2 active /Users/yuanxin/Desktop/vue-cli架构/ssr-cli/node_modules/core-js/internals/ordinary-to-primitive.js
<s> [webpack.Progress] 40% building 147/150 modules 3 active /Users/yuanxin/Desktop/vue-cli架构/ssr-cli/node_modules/core-js/internals/object-get-own-property-names.js
<s> [webpack.Progress] 40% building 147/151 modules 4 active /Users/yuanxin/Desktop/vue-cli架构/ssr-cli/node_modules/core-js/internals/array-includes.js
<s> [webpack.Progress] 40% building 147/152 modules 5 active /Users/yuanxin/Desktop/vue-cli架构/ssr-cli/node_modules/core-js/internals/to-string-tag-support.js
<s> [webpack.Progress] 40% building 147/153 modules 6 active /Users/yuanxin/Desktop/vue-cli架构/ssr-cli/node_modules/core-js/internals/to-integer-or-infinity.js
<s> [webpack.Progress] 40% building 147/154 modules 7 active /Users/yuanxin/Desktop/vue-cli架构/ssr-cli/node_modules/webpack-dev-server/node_modules/ansi-regex/index.js
<s> [webpack.Progress] 40% building 148/154 modules 6 active /Users/yuanxin/Desktop/vue-cli架构/ssr-cli/node_modules/webpack-dev-server/node_modules/ansi-regex/index.js
<s> [webpack.Progress] 40% building 149/154 modules 5 active /Users/yuanxin/Desktop/vue-cli架构/ssr-cli/node_modules/webpack-dev-server/node_modules/ansi-regex/index.js
<s> [webpack.Progress] 40% building 150/154 modules 4 active /Users/yuanxin/Desktop/vue-cli架构/ssr-cli/node_modules/webpack-dev-server/node_modules/ansi-regex/index.js
<s> [webpack.Progress] 40% building 151/154 modules 3 active /Users/yuanxin/Desktop/vue-cli架构/ssr-cli/node_modules/webpack-dev-server/node_modules/ansi-regex/index.js
<s> [webpack.Progress] 40% building 152/154 modules 2 active /Users/yuanxin/Desktop/vue-cli架构/ssr-cli/node_modules/webpack-dev-server/node_modules/ansi-regex/index.js
<s> [webpack.Progress] 40% building 153/154 modules 1 active /Users/yuanxin/Desktop/vue-cli架构/ssr-cli/node_modules/webpack-dev-server/node_modules/ansi-regex/index.js
<s> [webpack.Progress] 40% building 154/154 modules 0 active 
<s> [webpack.Progress] 40% building 154/155 modules 1 active /Users/yuanxin/Desktop/vue-cli架构/ssr-cli/node_modules/vue-router/dist/vue-router.esm.js
<s> [webpack.Progress] 40% building 154/156 modules 2 active /Users/yuanxin/Desktop/vue-cli架构/ssr-cli/node_modules/url/node_modules/punycode/punycode.js
<s> [webpack.Progress] 40% building 154/157 modules 3 active /Users/yuanxin/Desktop/vue-cli架构/ssr-cli/node_modules/querystring/index.js
<s> [webpack.Progress] 40% building 154/158 modules 4 active /Users/yuanxin/Desktop/vue-cli架构/ssr-cli/node_modules/cache-loader/dist/cjs.js??ref--1-0!/Users/yuanxin/Desktop/vue-cli架构/ssr-cli/node_modules/@vue/cli-service/node_modules/vue-loader/lib/index.js??vue-loader-options!/Users/yuanxin/Desktop/vue-cli架构/ssr-cli/node_modules/eslint-loader/index.js??ref--14-0!/Users/yuanxin/Desktop/vue-cli架构/ssr-cli/src/views/page2/index.vue
<s> [webpack.Progress] 40% building 154/159 modules 5 active /Users/yuanxin/Desktop/vue-cli架构/ssr-cli/node_modules/cache-loader/dist/cjs.js??ref--1-0!/Users/yuanxin/Desktop/vue-cli架构/ssr-cli/node_modules/@vue/cli-service/node_modules/vue-loader/lib/index.js??vue-loader-options!/Users/yuanxin/Desktop/vue-cli架构/ssr-cli/node_modules/eslint-loader/index.js??ref--14-0!/Users/yuanxin/Desktop/vue-cli架构/ssr-cli/src/views/page1/index.vue
<s> [webpack.Progress] 40% building 154/160 modules 6 active /Users/yuanxin/Desktop/vue-cli架构/ssr-cli/node_modules/core-js/internals/to-absolute-index.js
<s> [webpack.Progress] 40% building 155/160 modules 5 active /Users/yuanxin/Desktop/vue-cli架构/ssr-cli/node_modules/core-js/internals/to-absolute-index.js
<s> [webpack.Progress] 40% building 156/160 modules 4 active /Users/yuanxin/Desktop/vue-cli架构/ssr-cli/node_modules/core-js/internals/to-absolute-index.js
<s> [webpack.Progress] 40% building 156/161 modules 5 active /Users/yuanxin/Desktop/vue-cli架构/ssr-cli/node_modules/@vue/cli-service/node_modules/webpack/buildin/module.js
<s> [webpack.Progress] 40% building 157/161 modules 4 active /Users/yuanxin/Desktop/vue-cli架构/ssr-cli/node_modules/core-js/internals/to-absolute-index.js
<s> [webpack.Progress] 40% building 158/161 modules 3 active /Users/yuanxin/Desktop/vue-cli架构/ssr-cli/node_modules/core-js/internals/to-absolute-index.js
<s> [webpack.Progress] 40% building 159/161 modules 2 active /Users/yuanxin/Desktop/vue-cli架构/ssr-cli/node_modules/cache-loader/dist/cjs.js??ref--1-0!/Users/yuanxin/Desktop/vue-cli架构/ssr-cli/node_modules/@vue/cli-service/node_modules/vue-loader/lib/index.js??vue-loader-options!/Users/yuanxin/Desktop/vue-cli架构/ssr-cli/node_modules/eslint-loader/index.js??ref--14-0!/Users/yuanxin/Desktop/vue-cli架构/ssr-cli/src/views/page1/index.vue
<s> [webpack.Progress] 40% building 160/161 modules 1 active /Users/yuanxin/Desktop/vue-cli架构/ssr-cli/node_modules/cache-loader/dist/cjs.js??ref--1-0!/Users/yuanxin/Desktop/vue-cli架构/ssr-cli/node_modules/@vue/cli-service/node_modules/vue-loader/lib/index.js??vue-loader-options!/Users/yuanxin/Desktop/vue-cli架构/ssr-cli/node_modules/eslint-loader/index.js??ref--14-0!/Users/yuanxin/Desktop/vue-cli架构/ssr-cli/src/views/page2/index.vue
<s> [webpack.Progress] 40% building 161/161 modules 0 active 
<s> [webpack.Progress] 40% building 161/162 modules 1 active /Users/yuanxin/Desktop/vue-cli架构/ssr-cli/node_modules/querystring/decode.js
<s> [webpack.Progress] 40% building 161/163 modules 2 active /Users/yuanxin/Desktop/vue-cli架构/ssr-cli/node_modules/querystring/encode.js
<s> [webpack.Progress] 40% building 161/164 modules 3 active /Users/yuanxin/Desktop/vue-cli架构/ssr-cli/node_modules/@vue/cli-service/node_modules/vue-loader/lib/loaders/pitcher.js??ref--4!/Users/yuanxin/Desktop/vue-cli架构/ssr-cli/node_modules/cache-loader/dist/cjs.js??ref--1-0!/Users/yuanxin/Desktop/vue-cli架构/ssr-cli/node_modules/@vue/cli-service/node_modules/vue-loader/lib/index.js??vue-loader-options!/Users/yuanxin/Desktop/vue-cli架构/ssr-cli/node_modules/eslint-loader/index.js??ref--14-0!/Users/yuanxin/Desktop/vue-cli架构/ssr-cli/src/views/page1/index.vue?vue&type=template&id=5817895b&
<s> [webpack.Progress] 40% building 162/164 modules 2 active /Users/yuanxin/Desktop/vue-cli架构/ssr-cli/node_modules/querystring/encode.js
<s> [webpack.Progress] 40% building 162/165 modules 3 active /Users/yuanxin/Desktop/vue-cli架构/ssr-cli/node_modules/@vue/cli-service/node_modules/vue-loader/lib/loaders/pitcher.js??ref--4!/Users/yuanxin/Desktop/vue-cli架构/ssr-cli/node_modules/cache-loader/dist/cjs.js??ref--13-0!/Users/yuanxin/Desktop/vue-cli架构/ssr-cli/node_modules/babel-loader/lib/index.js!/Users/yuanxin/Desktop/vue-cli架构/ssr-cli/node_modules/cache-loader/dist/cjs.js??ref--1-0!/Users/yuanxin/Desktop/vue-cli架构/ssr-cli/node_modules/@vue/cli-service/node_modules/vue-loader/lib/index.js??vue-loader-options!/Users/yuanxin/Desktop/vue-cli架构/ssr-cli/node_modules/eslint-loader/index.js??ref--14-0!/Users/yuanxin/Desktop/vue-cli架构/ssr-cli/node_modules/eslint-loader/index.js??ref--14-0!/Users/yuanxin/Desktop/vue-cli架构/ssr-cli/src/views/page1/index.vue?vue&type=script&lang=js&
<s> [webpack.Progress] 40% building 163/165 modules 2 active /Users/yuanxin/Desktop/vue-cli架构/ssr-cli/node_modules/querystring/encode.js
<s> [webpack.Progress] 40% building 163/166 modules 3 active /Users/yuanxin/Desktop/vue-cli架构/ssr-cli/node_modules/cache-loader/dist/cjs.js??ref--13-0!/Users/yuanxin/Desktop/vue-cli架构/ssr-cli/node_modules/babel-loader/lib/index.js!/Users/yuanxin/Desktop/vue-cli架构/ssr-cli/node_modules/cache-loader/dist/cjs.js??ref--1-0!/Users/yuanxin/Desktop/vue-cli架构/ssr-cli/node_modules/@vue/cli-service/node_modules/vue-loader/lib/index.js??vue-loader-options!/Users/yuanxin/Desktop/vue-cli架构/ssr-cli/src/views/page1/index.vue?vue&type=script&lang=js&
<s> [webpack.Progress] 40% building 163/167 modules 4 active /Users/yuanxin/Desktop/vue-cli架构/ssr-cli/node_modules/cache-loader/dist/cjs.js?{"cacheDirectory":"node_modules/.cache/vue-loader","cacheIdentifier":"263389b0-vue-loader-template"}!/Users/yuanxin/Desktop/vue-cli架构/ssr-cli/node_modules/@vue/cli-service/node_modules/vue-loader/lib/loaders/templateLoader.js??vue-loader-options!/Users/yuanxin/Desktop/vue-cli架构/ssr-cli/node_modules/cache-loader/dist/cjs.js??ref--1-0!/Users/yuanxin/Desktop/vue-cli架构/ssr-cli/node_modules/@vue/cli-service/node_modules/vue-loader/lib/index.js??vue-loader-options!/Users/yuanxin/Desktop/vue-cli架构/ssr-cli/src/views/page1/index.vue?vue&type=template&id=5817895b&
<s> [webpack.Progress] 40% building 163/168 modules 5 active /Users/yuanxin/Desktop/vue-cli架构/ssr-cli/node_modules/@vue/cli-service/node_modules/vue-loader/lib/loaders/pitcher.js??ref--4!/Users/yuanxin/Desktop/vue-cli架构/ssr-cli/node_modules/cache-loader/dist/cjs.js??ref--1-0!/Users/yuanxin/Desktop/vue-cli架构/ssr-cli/node_modules/@vue/cli-service/node_modules/vue-loader/lib/index.js??vue-loader-options!/Users/yuanxin/Desktop/vue-cli架构/ssr-cli/node_modules/eslint-loader/index.js??ref--14-0!/Users/yuanxin/Desktop/vue-cli架构/ssr-cli/src/views/page2/index.vue?vue&type=template&id=260787c8&
<s> [webpack.Progress] 40% building 164/168 modules 4 active /Users/yuanxin/Desktop/vue-cli架构/ssr-cli/node_modules/cache-loader/dist/cjs.js?{"cacheDirectory":"node_modules/.cache/vue-loader","cacheIdentifier":"263389b0-vue-loader-template"}!/Users/yuanxin/Desktop/vue-cli架构/ssr-cli/node_modules/@vue/cli-service/node_modules/vue-loader/lib/loaders/templateLoader.js??vue-loader-options!/Users/yuanxin/Desktop/vue-cli架构/ssr-cli/node_modules/cache-loader/dist/cjs.js??ref--1-0!/Users/yuanxin/Desktop/vue-cli架构/ssr-cli/node_modules/@vue/cli-service/node_modules/vue-loader/lib/index.js??vue-loader-options!/Users/yuanxin/Desktop/vue-cli架构/ssr-cli/src/views/page1/index.vue?vue&type=template&id=5817895b&
<s> [webpack.Progress] 40% building 164/169 modules 5 active /Users/yuanxin/Desktop/vue-cli架构/ssr-cli/node_modules/@vue/cli-service/node_modules/vue-loader/lib/loaders/pitcher.js??ref--4!/Users/yuanxin/Desktop/vue-cli架构/ssr-cli/node_modules/cache-loader/dist/cjs.js??ref--13-0!/Users/yuanxin/Desktop/vue-cli架构/ssr-cli/node_modules/babel-loader/lib/index.js!/Users/yuanxin/Desktop/vue-cli架构/ssr-cli/node_modules/cache-loader/dist/cjs.js??ref--1-0!/Users/yuanxin/Desktop/vue-cli架构/ssr-cli/node_modules/@vue/cli-service/node_modules/vue-loader/lib/index.js??vue-loader-options!/Users/yuanxin/Desktop/vue-cli架构/ssr-cli/node_modules/eslint-loader/index.js??ref--14-0!/Users/yuanxin/Desktop/vue-cli架构/ssr-cli/node_modules/eslint-loader/index.js??ref--14-0!/Users/yuanxin/Desktop/vue-cli架构/ssr-cli/src/views/page2/index.vue?vue&type=script&lang=js&
<s> [webpack.Progress] 40% building 165/169 modules 4 active /Users/yuanxin/Desktop/vue-cli架构/ssr-cli/node_modules/cache-loader/dist/cjs.js?{"cacheDirectory":"node_modules/.cache/vue-loader","cacheIdentifier":"263389b0-vue-loader-template"}!/Users/yuanxin/Desktop/vue-cli架构/ssr-cli/node_modules/@vue/cli-service/node_modules/vue-loader/lib/loaders/templateLoader.js??vue-loader-options!/Users/yuanxin/Desktop/vue-cli架构/ssr-cli/node_modules/cache-loader/dist/cjs.js??ref--1-0!/Users/yuanxin/Desktop/vue-cli架构/ssr-cli/node_modules/@vue/cli-service/node_modules/vue-loader/lib/index.js??vue-loader-options!/Users/yuanxin/Desktop/vue-cli架构/ssr-cli/src/views/page1/index.vue?vue&type=template&id=5817895b&
<s> [webpack.Progress] 40% building 165/170 modules 5 active /Users/yuanxin/Desktop/vue-cli架构/ssr-cli/node_modules/cache-loader/dist/cjs.js??ref--13-0!/Users/yuanxin/Desktop/vue-cli架构/ssr-cli/node_modules/babel-loader/lib/index.js!/Users/yuanxin/Desktop/vue-cli架构/ssr-cli/node_modules/cache-loader/dist/cjs.js??ref--1-0!/Users/yuanxin/Desktop/vue-cli架构/ssr-cli/node_modules/@vue/cli-service/node_modules/vue-loader/lib/index.js??vue-loader-options!/Users/yuanxin/Desktop/vue-cli架构/ssr-cli/src/views/page2/index.vue?vue&type=script&lang=js&
<s> [webpack.Progress] 40% building 165/171 modules 6 active /Users/yuanxin/Desktop/vue-cli架构/ssr-cli/node_modules/cache-loader/dist/cjs.js?{"cacheDirectory":"node_modules/.cache/vue-loader","cacheIdentifier":"263389b0-vue-loader-template"}!/Users/yuanxin/Desktop/vue-cli架构/ssr-cli/node_modules/@vue/cli-service/node_modules/vue-loader/lib/loaders/templateLoader.js??vue-loader-options!/Users/yuanxin/Desktop/vue-cli架构/ssr-cli/node_modules/cache-loader/dist/cjs.js??ref--1-0!/Users/yuanxin/Desktop/vue-cli架构/ssr-cli/node_modules/@vue/cli-service/node_modules/vue-loader/lib/index.js??vue-loader-options!/Users/yuanxin/Desktop/vue-cli架构/ssr-cli/src/views/page2/index.vue?vue&type=template&id=260787c8&
<s> [webpack.Progress] 40% building 166/171 modules 5 active /Users/yuanxin/Desktop/vue-cli架构/ssr-cli/node_modules/cache-loader/dist/cjs.js?{"cacheDirectory":"node_modules/.cache/vue-loader","cacheIdentifier":"263389b0-vue-loader-template"}!/Users/yuanxin/Desktop/vue-cli架构/ssr-cli/node_modules/@vue/cli-service/node_modules/vue-loader/lib/loaders/templateLoader.js??vue-loader-options!/Users/yuanxin/Desktop/vue-cli架构/ssr-cli/node_modules/cache-loader/dist/cjs.js??ref--1-0!/Users/yuanxin/Desktop/vue-cli架构/ssr-cli/node_modules/@vue/cli-service/node_modules/vue-loader/lib/index.js??vue-loader-options!/Users/yuanxin/Desktop/vue-cli架构/ssr-cli/src/views/page2/index.vue?vue&type=template&id=260787c8&
<s> [webpack.Progress] 40% building 167/171 modules 4 active /Users/yuanxin/Desktop/vue-cli架构/ssr-cli/node_modules/cache-loader/dist/cjs.js?{"cacheDirectory":"node_modules/.cache/vue-loader","cacheIdentifier":"263389b0-vue-loader-template"}!/Users/yuanxin/Desktop/vue-cli架构/ssr-cli/node_modules/@vue/cli-service/node_modules/vue-loader/lib/loaders/templateLoader.js??vue-loader-options!/Users/yuanxin/Desktop/vue-cli架构/ssr-cli/node_modules/cache-loader/dist/cjs.js??ref--1-0!/Users/yuanxin/Desktop/vue-cli架构/ssr-cli/node_modules/@vue/cli-service/node_modules/vue-loader/lib/index.js??vue-loader-options!/Users/yuanxin/Desktop/vue-cli架构/ssr-cli/src/views/page2/index.vue?vue&type=template&id=260787c8&
<s> [webpack.Progress] 40% building 168/171 modules 3 active /Users/yuanxin/Desktop/vue-cli架构/ssr-cli/node_modules/cache-loader/dist/cjs.js?{"cacheDirectory":"node_modules/.cache/vue-loader","cacheIdentifier":"263389b0-vue-loader-template"}!/Users/yuanxin/Desktop/vue-cli架构/ssr-cli/node_modules/@vue/cli-service/node_modules/vue-loader/lib/loaders/templateLoader.js??vue-loader-options!/Users/yuanxin/Desktop/vue-cli架构/ssr-cli/node_modules/cache-loader/dist/cjs.js??ref--1-0!/Users/yuanxin/Desktop/vue-cli架构/ssr-cli/node_modules/@vue/cli-service/node_modules/vue-loader/lib/index.js??vue-loader-options!/Users/yuanxin/Desktop/vue-cli架构/ssr-cli/src/views/page2/index.vue?vue&type=template&id=260787c8&
<s> [webpack.Progress] 40% building 169/171 modules 2 active /Users/yuanxin/Desktop/vue-cli架构/ssr-cli/node_modules/cache-loader/dist/cjs.js?{"cacheDirectory":"node_modules/.cache/vue-loader","cacheIdentifier":"263389b0-vue-loader-template"}!/Users/yuanxin/Desktop/vue-cli架构/ssr-cli/node_modules/@vue/cli-service/node_modules/vue-loader/lib/loaders/templateLoader.js??vue-loader-options!/Users/yuanxin/Desktop/vue-cli架构/ssr-cli/node_modules/cache-loader/dist/cjs.js??ref--1-0!/Users/yuanxin/Desktop/vue-cli架构/ssr-cli/node_modules/@vue/cli-service/node_modules/vue-loader/lib/index.js??vue-loader-options!/Users/yuanxin/Desktop/vue-cli架构/ssr-cli/src/views/page2/index.vue?vue&type=template&id=260787c8&
<s> [webpack.Progress] 40% building 170/171 modules 1 active /Users/yuanxin/Desktop/vue-cli架构/ssr-cli/node_modules/querystring/encode.js
<s> [webpack.Progress] 40% building 171/171 modules 0 active 
<s> [webpack.Progress] 70% building 171/171 modules 0 active 
<s> [webpack.Progress] 70% finish module graph
<s> [webpack.Progress] 70% finish module graph FlagDependencyExportsPlugin
<s> [webpack.Progress] 70% sealing
<s> [webpack.Progress] 70% sealing WarnCaseSensitiveModulesPlugin
<s> [webpack.Progress] 72% basic dependencies optimization
<s> [webpack.Progress] 72% dependencies optimization
<s> [webpack.Progress] 73% advanced dependencies optimization
<s> [webpack.Progress] 73% after dependencies optimization
<s> [webpack.Progress] 71% chunk graph
<s> [webpack.Progress] 71% after chunk graph
<s> [webpack.Progress] 71% after chunk graph WebAssemblyModulesPlugin
<s> [webpack.Progress] 74% optimizing
<s> [webpack.Progress] 74% basic module optimization
<s> [webpack.Progress] 75% module optimization
<s> [webpack.Progress] 75% advanced module optimization
<s> [webpack.Progress] 76% after module optimization
<s> [webpack.Progress] 76% basic chunk optimization
<s> [webpack.Progress] 76% basic chunk optimization EnsureChunkConditionsPlugin
<s> [webpack.Progress] 76% basic chunk optimization RemoveEmptyChunksPlugin
<s> [webpack.Progress] 76% basic chunk optimization MergeDuplicateChunksPlugin
<s> [webpack.Progress] 77% chunk optimization
<s> [webpack.Progress] 77% advanced chunk optimization
<s> [webpack.Progress] 77% advanced chunk optimization SplitChunksPlugin
<s> [webpack.Progress] 77% advanced chunk optimization RemoveEmptyChunksPlugin
<s> [webpack.Progress] 77% after chunk optimization
<s> [webpack.Progress] 78% module and chunk tree optimization
<s> [webpack.Progress] 78% after module and chunk tree optimization
<s> [webpack.Progress] 79% basic chunk modules optimization
<s> [webpack.Progress] 80% chunk modules optimization
<s> [webpack.Progress] 80% advanced chunk modules optimization
<s> [webpack.Progress] 81% after chunk modules optimization
<s> [webpack.Progress] 81% module reviving
<s> [webpack.Progress] 81% module reviving RecordIdsPlugin
<s> [webpack.Progress] 82% module order optimization
<s> [webpack.Progress] 82% advanced module order optimization
<s> [webpack.Progress] 83% before module ids
<s> [webpack.Progress] 83% before module ids NamedModulesPlugin
<s> [webpack.Progress] 83% module ids
<s> [webpack.Progress] 84% module id optimization
<s> [webpack.Progress] 84% module id optimization
<s> [webpack.Progress] 85% chunk reviving
<s> [webpack.Progress] 85% chunk reviving RecordIdsPlugin
<s> [webpack.Progress] 85% chunk order optimization
<s> [webpack.Progress] 85% chunk order optimization OccurrenceOrderChunkIdsPlugin
<s> [webpack.Progress] 86% before chunk ids
<s> [webpack.Progress] 86% before chunk ids NamedChunksPlugin
<s> [webpack.Progress] 86% chunk id optimization
<s> [webpack.Progress] 87% after chunk id optimization
<s> [webpack.Progress] 87% record modules
<s> [webpack.Progress] 87% record modules RecordIdsPlugin
<s> [webpack.Progress] 87% record chunks
<s> [webpack.Progress] 87% record chunks RecordIdsPlugin
<s> [webpack.Progress] 88% hashing
<s> [webpack.Progress] 88% after hashing
<s> [webpack.Progress] 88% after hashing HotModuleReplacementPlugin
<s> [webpack.Progress] 89% record hash
<s> [webpack.Progress] 89% module assets processing
<s> [webpack.Progress] 90% chunk assets processing
<s> [webpack.Progress] 90% additional chunk assets processing
<s> [webpack.Progress] 90% additional chunk assets processing HotModuleReplacementPlugin
<s> [webpack.Progress] 91% recording
<s> [webpack.Progress] 91% recording HotModuleReplacementPlugin
<s> [webpack.Progress] 92% additional asset processing
<s> [webpack.Progress] 92% chunk asset optimization
<s> [webpack.Progress] 93% after chunk asset optimization
<s> [webpack.Progress] 93% after chunk asset optimization SourceMapDevToolPlugin
<s> [webpack.Progress] 93% after chunk asset optimization SourceMapDevToolPlugin
<s> [webpack.Progress] 93% after chunk asset optimization SourceMapDevToolPlugin js/app.js generate SourceMap
<s> [webpack.Progress] 93% after chunk asset optimization SourceMapDevToolPlugin js/chunk-vendors.js generate SourceMap
<s> [webpack.Progress] 93% after chunk asset optimization SourceMapDevToolPlugin resolve sources
<s> [webpack.Progress] 93% after chunk asset optimization SourceMapDevToolPlugin js/app.js attach SourceMap
<s> [webpack.Progress] 93% after chunk asset optimization SourceMapDevToolPlugin js/chunk-vendors.js attach SourceMap
<s> [webpack.Progress] 93% after chunk asset optimization SourceMapDevToolPlugin
<s> [webpack.Progress] 93% asset optimization
<s> [webpack.Progress] 94% after asset optimization
<s> [webpack.Progress] 94% after seal
<s> [webpack.Progress] 95% emitting
<s> [webpack.Progress] 95% emitting HtmlWebpackPlugin
<s> [webpack.Progress] 95% emitting CopyPlugin
<s> [webpack.Progress] 95% emitting unnamed compat plugin
<s> [webpack.Progress] 98% after emitting
<s> [webpack.Progress] 98% after emitting CopyPlugin
 DONE  Compiled successfully in 1414ms7:27:35 ├F10: PM┤

<s> [webpack.Progress] 100% 


  App running at:
  - Local:   http://localhost:8889/ 
  - Network: http://172.24.3.35:8889/

  Note that the development build is not optimized.
  To create a production build, run npm run build.

